Device:  cpu
No. of training examples per epoch: 44
No. of iterations per epoch: 2.0
labelled_dict:  dict_keys(['box_A', 'img', 'label'])
raw_dict:  dict_keys(['img_1', 'img_2', 'box_A', 'box_B'])
labelled_dict:  dict_keys(['box_A', 'img', 'label'])
raw_dict:  dict_keys(['img_1', 'img_2', 'box_A', 'box_B'])
labelled_dict:  dict_keys(['box_A', 'img', 'label'])
raw_dict:  dict_keys(['img_1', 'img_2', 'box_A', 'box_B'])
labelled_dict:  dict_keys(['box_A', 'img', 'label'])
raw_dict:  dict_keys(['img_1', 'img_2', 'box_A', 'box_B'])
labelled_dict:  dict_keys(['box_A', 'img', 'label'])
raw_dict:  dict_keys(['img_1', 'img_2', 'box_A', 'box_B'])
labelled_dict:  dict_keys(['box_A', 'img', 'label'])
raw_dict:  dict_keys(['img_1', 'img_2', 'box_A', 'box_B'])
xFormers not available
xFormers not available
  0%|                                                                                                                                 | 0/1 [00:00<?, ?it/s]
labelled_dict:  dict_keys(['box_A', 'img', 'label'])
raw_dict:  dict_keys(['img_1', 'img_2', 'box_A', 'box_B'])
labelled_dict:  dict_keys(['box_A', 'img', 'label'])
raw_dict:  dict_keys(['img_1', 'img_2', 'box_A', 'box_B'])
labelled_dict:  dict_keys(['box_A', 'img', 'label'])
raw_dict:  dict_keys(['img_1', 'img_2', 'box_A', 'box_B'])
labelled_dict:  dict_keys(['box_A', 'img', 'label'])
raw_dict:  dict_keys(['img_1', 'img_2', 'box_A', 'box_B'])
labelled_dict:  dict_keys(['box_A', 'img', 'label'])
raw_dict:  dict_keys(['img_1', 'img_2', 'box_A', 'box_B'])
labelled_dict:  dict_keys(['box_A', 'img', 'label'])
raw_dict:  dict_keys(['img_1', 'img_2', 'box_A', 'box_B'])
labelled_dict:  dict_keys(['box_A', 'img', 'label'])
raw_dict:  dict_keys(['img_1', 'img_2', 'box_A', 'box_B'])
labelled_dict:  dict_keys(['box_A', 'img', 'label'])
raw_dict:  dict_keys(['img_1', 'img_2', 'box_A', 'box_B'])
labelled_dict:  dict_keys(['box_A', 'img', 'label'])
raw_dict:  dict_keys(['img_1', 'img_2', 'box_A', 'box_B'])
labelled_dict:  dict_keys(['box_A', 'img', 'label'])
raw_dict:  dict_keys(['img_1', 'img_2', 'box_A', 'box_B'])
labelled_dict:  dict_keys(['box_A', 'img', 'label'])
raw_dict:  dict_keys(['img_1', 'img_2', 'box_A', 'box_B'])
labelled_dict:  dict_keys(['box_A', 'img', 'label'])
raw_dict:  dict_keys(['img_1', 'img_2', 'box_A', 'box_B'])
labelled_dict:  dict_keys(['box_A', 'img', 'label'])
raw_dict:  dict_keys(['img_1', 'img_2', 'box_A', 'box_B'])
labelled_dict:  dict_keys(['box_A', 'img', 'label'])
raw_dict:  dict_keys(['img_1', 'img_2', 'box_A', 'box_B'])
labelled_dict:  dict_keys(['box_A', 'img', 'label'])
raw_dict:  dict_keys(['img_1', 'img_2', 'box_A', 'box_B'])
labelled_dict:  dict_keys(['box_A', 'img', 'label'])
raw_dict:  dict_keys(['img_1', 'img_2', 'box_A', 'box_B'])
labelled_dict:  dict_keys(['box_A', 'img', 'label'])
raw_dict:  dict_keys(['img_1', 'img_2', 'box_A', 'box_B'])
labelled_dict:  dict_keys(['box_A', 'img', 'label'])
  0%|                                                                                                                                 | 0/1 [00:05<?, ?it/s]
Traceback (most recent call last):
  File "/Users/dw/code/pytorch/gammassl_public/training/../models/model.py", line 287, in calculate_batch_prototypes
    labelled_dict,_ = next(self.train_proto_iterator)
ValueError: too many values to unpack (expected 2)
During handling of the above exception, another exception occurred:
Traceback (most recent call last):
  File "/Users/dw/code/pytorch/gammassl_public/training/train.py", line 175, in <module>
    trainer.train()
  File "/Users/dw/code/pytorch/gammassl_public/training/../training/base_trainer.py", line 196, in train
    losses, metrics = self._train_models(labelled_dict, raw_dict)
  File "/Users/dw/code/pytorch/gammassl_public/training/gammassl_trainer.py", line 42, in _train_models
    prototypes = self.model.calculate_batch_prototypes()
  File "/Users/dw/code/pytorch/gammassl_public/training/../models/model.py", line 293, in calculate_batch_prototypes
    labelled_dict,_ = next(self.train_proto_iterator)
ValueError: too many values to unpack (expected 2)